Using pre-set license
Built from '2021.3/staging' branch; Version is '2021.3.6f1 (7da38d85baf6) revision 8233869'; Using compiler version '192829333'; Build Type 'Release'
OS: 'Windows 11  (10.0.22000) 64bit Professional' Language: 'ru' Physical Memory: 16308 MB
BatchMode: 1, IsHumanControllingUs: 0, StartBugReporterOnCrash: 0, Is64bit: 1, IsPro: 1

COMMAND LINE ARGUMENTS:
C:\Program Files\Unity\Hub\Editor\2021.3.6f1\Editor\Unity.exe
-adb2
-batchMode
-noUpm
-name
AssetImportWorker0
-projectPath
F:/unity/My project (4)
-logFile
Logs/AssetImportWorker0.log
-srvPort
59775
Successfully changed project path to: F:/unity/My project (4)
F:/unity/My project (4)
[UnityMemory] Configuration Parameters - Can be set up in boot.config
    "memorysetup-bucket-allocator-granularity=16"
    "memorysetup-bucket-allocator-bucket-count=8"
    "memorysetup-bucket-allocator-block-size=33554432"
    "memorysetup-bucket-allocator-block-count=8"
    "memorysetup-main-allocator-block-size=16777216"
    "memorysetup-thread-allocator-block-size=16777216"
    "memorysetup-gfx-main-allocator-block-size=16777216"
    "memorysetup-gfx-thread-allocator-block-size=16777216"
    "memorysetup-cache-allocator-block-size=4194304"
    "memorysetup-typetree-allocator-block-size=2097152"
    "memorysetup-profiler-bucket-allocator-granularity=16"
    "memorysetup-profiler-bucket-allocator-bucket-count=8"
    "memorysetup-profiler-bucket-allocator-block-size=33554432"
    "memorysetup-profiler-bucket-allocator-block-count=8"
    "memorysetup-profiler-allocator-block-size=16777216"
    "memorysetup-profiler-editor-allocator-block-size=1048576"
    "memorysetup-temp-allocator-size-main=16777216"
    "memorysetup-job-temp-allocator-block-size=2097152"
    "memorysetup-job-temp-allocator-block-size-background=1048576"
    "memorysetup-job-temp-allocator-reduction-small-platforms=262144"
    "memorysetup-temp-allocator-size-background-worker=32768"
    "memorysetup-temp-allocator-size-job-worker=262144"
    "memorysetup-temp-allocator-size-preload-manager=33554432"
    "memorysetup-temp-allocator-size-nav-mesh-worker=65536"
    "memorysetup-temp-allocator-size-audio-worker=65536"
    "memorysetup-temp-allocator-size-cloud-worker=32768"
    "memorysetup-temp-allocator-size-gi-baking-worker=262144"
    "memorysetup-temp-allocator-size-gfx=262144"
Refreshing native plugins compatible for Editor in 39.16 ms, found 2 plugins.
Preloading 0 native plugins for Editor in 0.00 ms.
Initialize engine version: 2021.3.6f1 (7da38d85baf6)
[Subsystems] Discovering subsystems at path C:/Program Files/Unity/Hub/Editor/2021.3.6f1/Editor/Data/Resources/UnitySubsystems
[Subsystems] Discovering subsystems at path F:/unity/My project (4)/Assets
GfxDevice: creating device client; threaded=0; jobified=0
Direct3D:
    Version:  Direct3D 11.0 [level 11.1]
    Renderer: NVIDIA GeForce GTX 1050 Ti (ID=0x1c82)
    Vendor:   NVIDIA
    VRAM:     4018 MB
    Driver:   30.0.15.1179
Initialize mono
Mono path[0] = 'C:/Program Files/Unity/Hub/Editor/2021.3.6f1/Editor/Data/Managed'
Mono path[1] = 'C:/Program Files/Unity/Hub/Editor/2021.3.6f1/Editor/Data/MonoBleedingEdge/lib/mono/unityjit-win32'
Mono config path = 'C:/Program Files/Unity/Hub/Editor/2021.3.6f1/Editor/Data/MonoBleedingEdge/etc'
Using monoOptions --debugger-agent=transport=dt_socket,embedding=1,server=y,suspend=n,address=127.0.0.1:56776
Begin MonoManager ReloadAssembly
Registering precompiled unity dll's ...
Register platform support module: C:/Program Files/Unity/Hub/Editor/2021.3.6f1/Editor/Data/PlaybackEngines/WindowsStandaloneSupport/UnityEditor.WindowsStandalone.Extensions.dll
Registered in 0.004977 seconds.
Native extension for WindowsStandalone target not found
Refreshing native plugins compatible for Editor in 31.89 ms, found 2 plugins.
Preloading 0 native plugins for Editor in 0.00 ms.
Mono: successfully reloaded assembly
- Completed reload, in  0.572 seconds
Domain Reload Profiling:
	ReloadAssembly (573ms)
		BeginReloadAssembly (77ms)
			ExecutionOrderSort (0ms)
			DisableScriptedObjects (0ms)
			BackupInstance (0ms)
			ReleaseScriptingObjects (0ms)
			CreateAndSetChildDomain (1ms)
		EndReloadAssembly (382ms)
			LoadAssemblies (74ms)
			RebuildTransferFunctionScriptingTraits (0ms)
			SetupTypeCache (104ms)
			ReleaseScriptCaches (0ms)
			RebuildScriptCaches (25ms)
			SetupLoadedEditorAssemblies (207ms)
				LogAssemblyErrors (0ms)
				InitializePlatformSupportModulesInManaged (7ms)
				SetLoadedEditorAssemblies (0ms)
				RefreshPlugins (32ms)
				BeforeProcessingInitializeOnLoad (1ms)
				ProcessInitializeOnLoadAttributes (125ms)
				ProcessInitializeOnLoadMethodAttributes (42ms)
				AfterProcessingInitializeOnLoad (0ms)
				EditorAssembliesLoaded (0ms)
			ExecutionOrderSort2 (0ms)
			AwakeInstancesAfterBackupRestoration (0ms)
Platform modules already initialized, skipping
Registering precompiled user dll's ...
Registered in 0.001772 seconds.
Begin MonoManager ReloadAssembly
Native extension for WindowsStandalone target not found
Refreshing native plugins compatible for Editor in 36.02 ms, found 2 plugins.
Preloading 0 native plugins for Editor in 0.00 ms.
Mono: successfully reloaded assembly
- Completed reload, in  1.039 seconds
Domain Reload Profiling:
	ReloadAssembly (1040ms)
		BeginReloadAssembly (112ms)
			ExecutionOrderSort (0ms)
			DisableScriptedObjects (5ms)
			BackupInstance (0ms)
			ReleaseScriptingObjects (0ms)
			CreateAndSetChildDomain (20ms)
		EndReloadAssembly (780ms)
			LoadAssemblies (82ms)
			RebuildTransferFunctionScriptingTraits (0ms)
			SetupTypeCache (222ms)
			ReleaseScriptCaches (1ms)
			RebuildScriptCaches (47ms)
			SetupLoadedEditorAssemblies (384ms)
				LogAssemblyErrors (0ms)
				InitializePlatformSupportModulesInManaged (4ms)
				SetLoadedEditorAssemblies (0ms)
				RefreshPlugins (36ms)
				BeforeProcessingInitializeOnLoad (61ms)
				ProcessInitializeOnLoadAttributes (250ms)
				ProcessInitializeOnLoadMethodAttributes (24ms)
				AfterProcessingInitializeOnLoad (8ms)
				EditorAssembliesLoaded (0ms)
			ExecutionOrderSort2 (0ms)
			AwakeInstancesAfterBackupRestoration (6ms)
Platform modules already initialized, skipping
========================================================================
Worker process is ready to serve import requests
Launched and connected shader compiler UnityShaderCompiler.exe after 0.03 seconds
Refreshing native plugins compatible for Editor in 0.55 ms, found 2 plugins.
Preloading 0 native plugins for Editor in 0.00 ms.
Unloading 1879 Unused Serialized files (Serialized files now loaded: 0)
Unloading 41 unused Assets / (1.5 MB). Loaded Objects now: 2364.
Memory consumption went from 98.5 MB to 97.0 MB.
Total: 3.746000 ms (FindLiveObjects: 0.203900 ms CreateObjectMapping: 0.054600 ms MarkObjects: 3.131000 ms  DeleteObjects: 0.355400 ms)

AssetImportParameters requested are different than current active one (requested -> active):
  custom:video-decoder-ogg-theora: a1e56fd34408186e4bbccfd4996cb3dc -> 
  custom:container-muxer-webm: aa71ff27fc2769a1b78a27578f13a17b -> 
  custom:container-demuxer-webm: 4f35f7cbe854078d1ac9338744f61a02 -> 
  custom:video-encoder-webm-vp8: eb34c28f22e8b96e1ab97ce403110664 -> 
  custom:audio-encoder-webm-vorbis: bf7c407c2cedff20999df2af8eb42d56 -> 
  custom:framework-win-MediaFoundation: 216162199b28c13a410421893ffa2e32 -> 
  custom:container-demuxer-ogg: 62fdf1f143b41e24485cea50d1cbac27 -> 
  custom:video-decoder-webm-vp8: 9c59270c3fd7afecdb556c50c9e8de78 -> 
  custom:audio-decoder-ogg-vorbis: bf7c407c2cedff20999df2af8eb42d56 -> 
========================================================================
Received Import Request.
  Time since last request: 272534.165697 seconds.
  path: Assets/New Terrain.asset
  artifactKey: Guid(1427b3568b1b81142835e6d474cdabe6) Importer(815301076,1909f56bfc062723c751e8b465ee728b)
Start importing Assets/New Terrain.asset using Guid(1427b3568b1b81142835e6d474cdabe6) Importer(815301076,1909f56bfc062723c751e8b465ee728b)  -> (artifact id: 'ade9292cfd7812b85cd15651a820ba52') in 0.137911 seconds 
========================================================================
Received Prepare
Registering precompiled user dll's ...
Registered in 0.001687 seconds.
Begin MonoManager ReloadAssembly
Native extension for WindowsStandalone target not found
Refreshing native plugins compatible for Editor in 0.55 ms, found 2 plugins.
Preloading 0 native plugins for Editor in 0.00 ms.
Mono: successfully reloaded assembly
- Completed reload, in  0.938 seconds
Domain Reload Profiling:
	ReloadAssembly (939ms)
		BeginReloadAssembly (128ms)
			ExecutionOrderSort (0ms)
			DisableScriptedObjects (7ms)
			BackupInstance (0ms)
			ReleaseScriptingObjects (0ms)
			CreateAndSetChildDomain (35ms)
		EndReloadAssembly (712ms)
			LoadAssemblies (69ms)
			RebuildTransferFunctionScriptingTraits (0ms)
			SetupTypeCache (177ms)
			ReleaseScriptCaches (1ms)
			RebuildScriptCaches (48ms)
			SetupLoadedEditorAssemblies (374ms)
				LogAssemblyErrors (0ms)
				InitializePlatformSupportModulesInManaged (16ms)
				SetLoadedEditorAssemblies (1ms)
				RefreshPlugins (1ms)
				BeforeProcessingInitializeOnLoad (51ms)
				ProcessInitializeOnLoadAttributes (263ms)
				ProcessInitializeOnLoadMethodAttributes (34ms)
				AfterProcessingInitializeOnLoad (9ms)
				EditorAssembliesLoaded (0ms)
			ExecutionOrderSort2 (0ms)
			AwakeInstancesAfterBackupRestoration (7ms)
Platform modules already initialized, skipping
Refreshing native plugins compatible for Editor in 1.64 ms, found 2 plugins.
Preloading 0 native plugins for Editor in 0.00 ms.
Unloading 1838 Unused Serialized files (Serialized files now loaded: 0)
Unloading 24 unused Assets / (1.5 MB). Loaded Objects now: 2367.
Memory consumption went from 94.7 MB to 93.3 MB.
Total: 3.931500 ms (FindLiveObjects: 0.285500 ms CreateObjectMapping: 0.053800 ms MarkObjects: 3.210300 ms  DeleteObjects: 0.380200 ms)

AssetImportParameters requested are different than current active one (requested -> active):
  custom:video-decoder-ogg-theora: a1e56fd34408186e4bbccfd4996cb3dc -> 
  custom:container-muxer-webm: aa71ff27fc2769a1b78a27578f13a17b -> 
  custom:container-demuxer-webm: 4f35f7cbe854078d1ac9338744f61a02 -> 
  custom:video-encoder-webm-vp8: eb34c28f22e8b96e1ab97ce403110664 -> 
  custom:audio-encoder-webm-vorbis: bf7c407c2cedff20999df2af8eb42d56 -> 
  custom:framework-win-MediaFoundation: 216162199b28c13a410421893ffa2e32 -> 
  custom:container-demuxer-ogg: 62fdf1f143b41e24485cea50d1cbac27 -> 
  custom:video-decoder-webm-vp8: 9c59270c3fd7afecdb556c50c9e8de78 -> 
  custom:audio-decoder-ogg-vorbis: bf7c407c2cedff20999df2af8eb42d56 -> 
========================================================================
Received Prepare
Registering precompiled user dll's ...
Registered in 0.001825 seconds.
Begin MonoManager ReloadAssembly
Native extension for WindowsStandalone target not found
Refreshing native plugins compatible for Editor in 0.92 ms, found 2 plugins.
Preloading 0 native plugins for Editor in 0.00 ms.
Mono: successfully reloaded assembly
- Completed reload, in  0.965 seconds
Domain Reload Profiling:
	ReloadAssembly (966ms)
		BeginReloadAssembly (128ms)
			ExecutionOrderSort (0ms)
			DisableScriptedObjects (5ms)
			BackupInstance (0ms)
			ReleaseScriptingObjects (0ms)
			CreateAndSetChildDomain (36ms)
		EndReloadAssembly (715ms)
			LoadAssemblies (72ms)
			RebuildTransferFunctionScriptingTraits (0ms)
			SetupTypeCache (181ms)
			ReleaseScriptCaches (1ms)
			RebuildScriptCaches (41ms)
			SetupLoadedEditorAssemblies (373ms)
				LogAssemblyErrors (0ms)
				InitializePlatformSupportModulesInManaged (12ms)
				SetLoadedEditorAssemblies (0ms)
				RefreshPlugins (1ms)
				BeforeProcessingInitializeOnLoad (53ms)
				ProcessInitializeOnLoadAttributes (267ms)
				ProcessInitializeOnLoadMethodAttributes (31ms)
				AfterProcessingInitializeOnLoad (8ms)
				EditorAssembliesLoaded (0ms)
			ExecutionOrderSort2 (0ms)
			AwakeInstancesAfterBackupRestoration (6ms)
Platform modules already initialized, skipping
Refreshing native plugins compatible for Editor in 1.81 ms, found 2 plugins.
Preloading 0 native plugins for Editor in 0.00 ms.
Unloading 1838 Unused Serialized files (Serialized files now loaded: 0)
Unloading 24 unused Assets / (1.5 MB). Loaded Objects now: 2370.
Memory consumption went from 94.7 MB to 93.3 MB.
Total: 3.857100 ms (FindLiveObjects: 0.225300 ms CreateObjectMapping: 0.044400 ms MarkObjects: 3.209100 ms  DeleteObjects: 0.377400 ms)

AssetImportParameters requested are different than current active one (requested -> active):
  custom:video-decoder-ogg-theora: a1e56fd34408186e4bbccfd4996cb3dc -> 
  custom:container-muxer-webm: aa71ff27fc2769a1b78a27578f13a17b -> 
  custom:container-demuxer-webm: 4f35f7cbe854078d1ac9338744f61a02 -> 
  custom:video-encoder-webm-vp8: eb34c28f22e8b96e1ab97ce403110664 -> 
  custom:audio-encoder-webm-vorbis: bf7c407c2cedff20999df2af8eb42d56 -> 
  custom:framework-win-MediaFoundation: 216162199b28c13a410421893ffa2e32 -> 
  custom:container-demuxer-ogg: 62fdf1f143b41e24485cea50d1cbac27 -> 
  custom:video-decoder-webm-vp8: 9c59270c3fd7afecdb556c50c9e8de78 -> 
  custom:audio-decoder-ogg-vorbis: bf7c407c2cedff20999df2af8eb42d56 -> 
========================================================================
Received Import Request.
  Time since last request: 805.579038 seconds.
  path: Assets/_TerrainAutoUpgrade
  artifactKey: Guid(0c718d00629142e489220ac3220977d0) Importer(815301076,1909f56bfc062723c751e8b465ee728b)
Start importing Assets/_TerrainAutoUpgrade using Guid(0c718d00629142e489220ac3220977d0) Importer(815301076,1909f56bfc062723c751e8b465ee728b)  -> (artifact id: 'f17041d8d483854403f0dc79e5ba2c60') in 0.040602 seconds 
========================================================================
Received Import Request.
  Time since last request: 0.161160 seconds.
  path: Assets/Samples
  artifactKey: Guid(710923adde60463458f985746b68a968) Importer(815301076,1909f56bfc062723c751e8b465ee728b)
Start importing Assets/Samples using Guid(710923adde60463458f985746b68a968) Importer(815301076,1909f56bfc062723c751e8b465ee728b)  -> (artifact id: '696bf911eb238400d4e467b1cfd545a6') in 0.006041 seconds 
========================================================================
Received Import Request.
  Time since last request: 15.132340 seconds.
  path: Assets/_TerrainAutoUpgrade/layer_Grass (Hill)Grass (Hill)_normalb956af97c33fc3d7.terrainlayer
  artifactKey: Guid(1f64ff7fb65578d43a165b0ffc2a5cb2) Importer(815301076,1909f56bfc062723c751e8b465ee728b)
Start importing Assets/_TerrainAutoUpgrade/layer_Grass (Hill)Grass (Hill)_normalb956af97c33fc3d7.terrainlayer using Guid(1f64ff7fb65578d43a165b0ffc2a5cb2) Importer(815301076,1909f56bfc062723c751e8b465ee728b)  -> (artifact id: '0b21f9ceabbb1fb899f6964af0c46684') in 0.234946 seconds 
========================================================================
Received Import Request.
  Time since last request: 0.000040 seconds.
  path: Assets/_TerrainAutoUpgrade/layer_Grass (Muddy)Grass (Muddy)_normalb956af97c33fc3d7.terrainlayer
  artifactKey: Guid(10b57e486ccdf92459f7fc7e17f38d90) Importer(815301076,1909f56bfc062723c751e8b465ee728b)
Start importing Assets/_TerrainAutoUpgrade/layer_Grass (Muddy)Grass (Muddy)_normalb956af97c33fc3d7.terrainlayer using Guid(10b57e486ccdf92459f7fc7e17f38d90) Importer(815301076,1909f56bfc062723c751e8b465ee728b)  -> (artifact id: 'df9b60624b96646fffda37561edb799b') in 0.027304 seconds 
========================================================================
Received Import Request.
  Time since last request: 14.845655 seconds.
  path: Assets/Tom's Terrain Tools/Example AutoMagic/Terrain-297665599-splatmap.tiff
  artifactKey: Guid(df2b902d44262495fa6d4b7b4a22ca0a) Importer(815301076,1909f56bfc062723c751e8b465ee728b)
Start importing Assets/Tom's Terrain Tools/Example AutoMagic/Terrain-297665599-splatmap.tiff using Guid(df2b902d44262495fa6d4b7b4a22ca0a) Importer(815301076,1909f56bfc062723c751e8b465ee728b)  -> (artifact id: 'c0a77dbd4cf69d9e99a42f97e362e10d') in 0.106875 seconds 
========================================================================
Received Import Request.
  Time since last request: 0.000025 seconds.
  path: Assets/Tom's Terrain Tools/Example AutoMagic/Terrain-1880092298-treemap.tiff
  artifactKey: Guid(806c2ae1de1134fd48eca50111c5e529) Importer(815301076,1909f56bfc062723c751e8b465ee728b)
Start importing Assets/Tom's Terrain Tools/Example AutoMagic/Terrain-1880092298-treemap.tiff using Guid(806c2ae1de1134fd48eca50111c5e529) Importer(815301076,1909f56bfc062723c751e8b465ee728b)  -> (artifact id: '495063e417bd5b8463974ba8a681a2c1') in 0.020240 seconds 
========================================================================
Received Import Request.
  Time since last request: 0.000027 seconds.
  path: Assets/Tom's Terrain Tools/Example AutoMagic/Terrain-1880092298-splatmap.tiff
  artifactKey: Guid(d6066559163894c788e27e7303fc0ce6) Importer(815301076,1909f56bfc062723c751e8b465ee728b)
Start importing Assets/Tom's Terrain Tools/Example AutoMagic/Terrain-1880092298-splatmap.tiff using Guid(d6066559163894c788e27e7303fc0ce6) Importer(815301076,1909f56bfc062723c751e8b465ee728b)  -> (artifact id: 'f89379caf45daf6881a785994f9a0f94') in 0.017111 seconds 
========================================================================
Received Import Request.
  Time since last request: 0.000019 seconds.
  path: Assets/Tom's Terrain Tools/Example AutoMagic/Terrain-2124401101-splatmap.tiff
  artifactKey: Guid(ce7a9f96350c84382aaa317bd07b7526) Importer(815301076,1909f56bfc062723c751e8b465ee728b)
Start importing Assets/Tom's Terrain Tools/Example AutoMagic/Terrain-2124401101-splatmap.tiff using Guid(ce7a9f96350c84382aaa317bd07b7526) Importer(815301076,1909f56bfc062723c751e8b465ee728b)  -> (artifact id: '59ad9673c4e9203dd24c8b9b36948512') in 0.015827 seconds 
========================================================================
Received Import Request.
  Time since last request: 0.000025 seconds.
  path: Assets/Tom's Terrain Tools/Example AutoMagic/Terrain-1549969568-treemap.tiff
  artifactKey: Guid(cf312f42b19454b93aac64e0745c353e) Importer(815301076,1909f56bfc062723c751e8b465ee728b)
Start importing Assets/Tom's Terrain Tools/Example AutoMagic/Terrain-1549969568-treemap.tiff using Guid(cf312f42b19454b93aac64e0745c353e) Importer(815301076,1909f56bfc062723c751e8b465ee728b)  -> (artifact id: '6e61d7adf95df871b8ddcc64f413d2de') in 0.017686 seconds 
========================================================================
Received Import Request.
  Time since last request: 1.906770 seconds.
  path: Assets/Tom's Terrain Tools/Example Data/1-grassmap.tif
  artifactKey: Guid(9e59621e3e8614f8ca42c5665750258d) Importer(815301076,1909f56bfc062723c751e8b465ee728b)
Start importing Assets/Tom's Terrain Tools/Example Data/1-grassmap.tif using Guid(9e59621e3e8614f8ca42c5665750258d) Importer(815301076,1909f56bfc062723c751e8b465ee728b)  -> (artifact id: '36a8173e628e2798ac6dd83ec0fde903') in 0.027987 seconds 
========================================================================
Received Import Request.
  Time since last request: 0.000027 seconds.
  path: Assets/Tom's Terrain Tools/Example Data/3-treemap.tif
  artifactKey: Guid(e1e24a0a857694776a1fc6af4c157564) Importer(815301076,1909f56bfc062723c751e8b465ee728b)
Start importing Assets/Tom's Terrain Tools/Example Data/3-treemap.tif using Guid(e1e24a0a857694776a1fc6af4c157564) Importer(815301076,1909f56bfc062723c751e8b465ee728b)  -> (artifact id: 'aa2ced2c40a02ecda9f0afed2fbb8840') in 0.018310 seconds 
========================================================================
Received Import Request.
  Time since last request: 0.000026 seconds.
  path: Assets/Tom's Terrain Tools/Example Data/3-spawnmap.tif
  artifactKey: Guid(48512632e327c426487e139e01db60d6) Importer(815301076,1909f56bfc062723c751e8b465ee728b)
Start importing Assets/Tom's Terrain Tools/Example Data/3-spawnmap.tif using Guid(48512632e327c426487e139e01db60d6) Importer(815301076,1909f56bfc062723c751e8b465ee728b)  -> (artifact id: '92357bcc68a7949de2c8ef4bf018e0c0') in 0.016290 seconds 
========================================================================
Received Import Request.
  Time since last request: 0.000029 seconds.
  path: Assets/Tom's Terrain Tools/Example Data/2-splatmap.tif
  artifactKey: Guid(9a8fdd3204c254a0593b3186e3c44366) Importer(815301076,1909f56bfc062723c751e8b465ee728b)
Start importing Assets/Tom's Terrain Tools/Example Data/2-splatmap.tif using Guid(9a8fdd3204c254a0593b3186e3c44366) Importer(815301076,1909f56bfc062723c751e8b465ee728b)  -> (artifact id: '69ea44941c005ec3412803f635a4779c') in 0.014682 seconds 
========================================================================
Received Import Request.
  Time since last request: 0.000030 seconds.
  path: Assets/Tom's Terrain Tools/Example Data/3-grassmap.tif
  artifactKey: Guid(a2f219c9a1e2649ac88cc1250bb90f2d) Importer(815301076,1909f56bfc062723c751e8b465ee728b)
Start importing Assets/Tom's Terrain Tools/Example Data/3-grassmap.tif using Guid(a2f219c9a1e2649ac88cc1250bb90f2d) Importer(815301076,1909f56bfc062723c751e8b465ee728b)  -> (artifact id: '575ba5259376d987332abd0efb103218') in 0.014939 seconds 
========================================================================
Received Import Request.
  Time since last request: 0.000033 seconds.
  path: Assets/Tom's Terrain Tools/Example Data/TerrainExample2.asset
  artifactKey: Guid(db98a015c05d62c408f821c95bde9df2) Importer(815301076,1909f56bfc062723c751e8b465ee728b)
Start importing Assets/Tom's Terrain Tools/Example Data/TerrainExample2.asset using Guid(db98a015c05d62c408f821c95bde9df2) Importer(815301076,1909f56bfc062723c751e8b465ee728b)  -> (artifact id: '67d39e63ba8ba3d2180b9a63f4a95d21') in 0.087820 seconds 
========================================================================
Received Import Request.
  Time since last request: 0.000039 seconds.
  path: Assets/Tom's Terrain Tools/Example Data/2-spawnmap.tif
  artifactKey: Guid(67790b7e4a86448178a9309b17359524) Importer(815301076,1909f56bfc062723c751e8b465ee728b)
Start importing Assets/Tom's Terrain Tools/Example Data/2-spawnmap.tif using Guid(67790b7e4a86448178a9309b17359524) Importer(815301076,1909f56bfc062723c751e8b465ee728b)  -> (artifact id: '33d86c64b267cf488b4df4453cfeb190') in 0.012312 seconds 
========================================================================
Received Import Request.
  Time since last request: 0.000020 seconds.
  path: Assets/Tom's Terrain Tools/Example Data/Example_sliceMap.png
  artifactKey: Guid(b3e4fb69e948d2d4d84c718910d6a05e) Importer(815301076,1909f56bfc062723c751e8b465ee728b)
Start importing Assets/Tom's Terrain Tools/Example Data/Example_sliceMap.png using Guid(b3e4fb69e948d2d4d84c718910d6a05e) Importer(815301076,1909f56bfc062723c751e8b465ee728b)  -> (artifact id: 'b53a88bc00ef561211ff96f8de462fe4') in 0.089636 seconds 
