Using pre-set license
Built from '2021.3/staging' branch; Version is '2021.3.6f1 (7da38d85baf6) revision 8233869'; Using compiler version '192829333'; Build Type 'Release'
OS: 'Windows 11  (10.0.22000) 64bit Professional' Language: 'ru' Physical Memory: 16308 MB
BatchMode: 1, IsHumanControllingUs: 0, StartBugReporterOnCrash: 0, Is64bit: 1, IsPro: 1

COMMAND LINE ARGUMENTS:
C:\Program Files\Unity\Hub\Editor\2021.3.6f1\Editor\Unity.exe
-adb2
-batchMode
-noUpm
-name
AssetImportWorker2
-projectPath
F:/unity/My project (4)
-logFile
Logs/AssetImportWorker2.log
-srvPort
59775
Successfully changed project path to: F:/unity/My project (4)
F:/unity/My project (4)
[UnityMemory] Configuration Parameters - Can be set up in boot.config
    "memorysetup-bucket-allocator-granularity=16"
    "memorysetup-bucket-allocator-bucket-count=8"
    "memorysetup-bucket-allocator-block-size=33554432"
    "memorysetup-bucket-allocator-block-count=8"
    "memorysetup-main-allocator-block-size=16777216"
    "memorysetup-thread-allocator-block-size=16777216"
    "memorysetup-gfx-main-allocator-block-size=16777216"
    "memorysetup-gfx-thread-allocator-block-size=16777216"
    "memorysetup-cache-allocator-block-size=4194304"
    "memorysetup-typetree-allocator-block-size=2097152"
    "memorysetup-profiler-bucket-allocator-granularity=16"
    "memorysetup-profiler-bucket-allocator-bucket-count=8"
    "memorysetup-profiler-bucket-allocator-block-size=33554432"
    "memorysetup-profiler-bucket-allocator-block-count=8"
    "memorysetup-profiler-allocator-block-size=16777216"
    "memorysetup-profiler-editor-allocator-block-size=1048576"
    "memorysetup-temp-allocator-size-main=16777216"
    "memorysetup-job-temp-allocator-block-size=2097152"
    "memorysetup-job-temp-allocator-block-size-background=1048576"
    "memorysetup-job-temp-allocator-reduction-small-platforms=262144"
    "memorysetup-temp-allocator-size-background-worker=32768"
    "memorysetup-temp-allocator-size-job-worker=262144"
    "memorysetup-temp-allocator-size-preload-manager=33554432"
    "memorysetup-temp-allocator-size-nav-mesh-worker=65536"
    "memorysetup-temp-allocator-size-audio-worker=65536"
    "memorysetup-temp-allocator-size-cloud-worker=32768"
    "memorysetup-temp-allocator-size-gi-baking-worker=262144"
    "memorysetup-temp-allocator-size-gfx=262144"
Refreshing native plugins compatible for Editor in 34.94 ms, found 2 plugins.
Preloading 0 native plugins for Editor in 0.00 ms.
Initialize engine version: 2021.3.6f1 (7da38d85baf6)
[Subsystems] Discovering subsystems at path C:/Program Files/Unity/Hub/Editor/2021.3.6f1/Editor/Data/Resources/UnitySubsystems
[Subsystems] Discovering subsystems at path F:/unity/My project (4)/Assets
GfxDevice: creating device client; threaded=0; jobified=0
Direct3D:
    Version:  Direct3D 11.0 [level 11.1]
    Renderer: NVIDIA GeForce GTX 1050 Ti (ID=0x1c82)
    Vendor:   NVIDIA
    VRAM:     4018 MB
    Driver:   30.0.15.1179
Initialize mono
Mono path[0] = 'C:/Program Files/Unity/Hub/Editor/2021.3.6f1/Editor/Data/Managed'
Mono path[1] = 'C:/Program Files/Unity/Hub/Editor/2021.3.6f1/Editor/Data/MonoBleedingEdge/lib/mono/unityjit-win32'
Mono config path = 'C:/Program Files/Unity/Hub/Editor/2021.3.6f1/Editor/Data/MonoBleedingEdge/etc'
Using monoOptions --debugger-agent=transport=dt_socket,embedding=1,server=y,suspend=n,address=127.0.0.1:56616
Begin MonoManager ReloadAssembly
Registering precompiled unity dll's ...
Register platform support module: C:/Program Files/Unity/Hub/Editor/2021.3.6f1/Editor/Data/PlaybackEngines/WindowsStandaloneSupport/UnityEditor.WindowsStandalone.Extensions.dll
Registered in 0.004711 seconds.
Native extension for WindowsStandalone target not found
Refreshing native plugins compatible for Editor in 31.76 ms, found 2 plugins.
Preloading 0 native plugins for Editor in 0.00 ms.
Mono: successfully reloaded assembly
- Completed reload, in  0.552 seconds
Domain Reload Profiling:
	ReloadAssembly (552ms)
		BeginReloadAssembly (66ms)
			ExecutionOrderSort (0ms)
			DisableScriptedObjects (0ms)
			BackupInstance (0ms)
			ReleaseScriptingObjects (0ms)
			CreateAndSetChildDomain (1ms)
		EndReloadAssembly (381ms)
			LoadAssemblies (65ms)
			RebuildTransferFunctionScriptingTraits (0ms)
			SetupTypeCache (98ms)
			ReleaseScriptCaches (0ms)
			RebuildScriptCaches (27ms)
			SetupLoadedEditorAssemblies (210ms)
				LogAssemblyErrors (0ms)
				InitializePlatformSupportModulesInManaged (8ms)
				SetLoadedEditorAssemblies (0ms)
				RefreshPlugins (32ms)
				BeforeProcessingInitializeOnLoad (1ms)
				ProcessInitializeOnLoadAttributes (122ms)
				ProcessInitializeOnLoadMethodAttributes (46ms)
				AfterProcessingInitializeOnLoad (0ms)
				EditorAssembliesLoaded (0ms)
			ExecutionOrderSort2 (0ms)
			AwakeInstancesAfterBackupRestoration (0ms)
Platform modules already initialized, skipping
Registering precompiled user dll's ...
Registered in 0.001862 seconds.
Begin MonoManager ReloadAssembly
Native extension for WindowsStandalone target not found
Refreshing native plugins compatible for Editor in 36.37 ms, found 2 plugins.
Preloading 0 native plugins for Editor in 0.00 ms.
Mono: successfully reloaded assembly
- Completed reload, in  0.984 seconds
Domain Reload Profiling:
	ReloadAssembly (985ms)
		BeginReloadAssembly (132ms)
			ExecutionOrderSort (0ms)
			DisableScriptedObjects (5ms)
			BackupInstance (0ms)
			ReleaseScriptingObjects (0ms)
			CreateAndSetChildDomain (21ms)
		EndReloadAssembly (735ms)
			LoadAssemblies (83ms)
			RebuildTransferFunctionScriptingTraits (0ms)
			SetupTypeCache (171ms)
			ReleaseScriptCaches (1ms)
			RebuildScriptCaches (46ms)
			SetupLoadedEditorAssemblies (407ms)
				LogAssemblyErrors (0ms)
				InitializePlatformSupportModulesInManaged (4ms)
				SetLoadedEditorAssemblies (0ms)
				RefreshPlugins (37ms)
				BeforeProcessingInitializeOnLoad (61ms)
				ProcessInitializeOnLoadAttributes (270ms)
				ProcessInitializeOnLoadMethodAttributes (29ms)
				AfterProcessingInitializeOnLoad (6ms)
				EditorAssembliesLoaded (0ms)
			ExecutionOrderSort2 (0ms)
			AwakeInstancesAfterBackupRestoration (7ms)
Platform modules already initialized, skipping
========================================================================
Worker process is ready to serve import requests
Launched and connected shader compiler UnityShaderCompiler.exe after 0.07 seconds
Refreshing native plugins compatible for Editor in 0.84 ms, found 2 plugins.
Preloading 0 native plugins for Editor in 0.00 ms.
Unloading 1879 Unused Serialized files (Serialized files now loaded: 0)
Unloading 41 unused Assets / (1.5 MB). Loaded Objects now: 2364.
Memory consumption went from 98.4 MB to 96.9 MB.
Total: 3.772500 ms (FindLiveObjects: 0.348000 ms CreateObjectMapping: 0.123200 ms MarkObjects: 2.807300 ms  DeleteObjects: 0.492500 ms)

AssetImportParameters requested are different than current active one (requested -> active):
  custom:video-decoder-ogg-theora: a1e56fd34408186e4bbccfd4996cb3dc -> 
  custom:container-muxer-webm: aa71ff27fc2769a1b78a27578f13a17b -> 
  custom:container-demuxer-webm: 4f35f7cbe854078d1ac9338744f61a02 -> 
  custom:video-encoder-webm-vp8: eb34c28f22e8b96e1ab97ce403110664 -> 
  custom:audio-encoder-webm-vorbis: bf7c407c2cedff20999df2af8eb42d56 -> 
  custom:framework-win-MediaFoundation: 216162199b28c13a410421893ffa2e32 -> 
  custom:container-demuxer-ogg: 62fdf1f143b41e24485cea50d1cbac27 -> 
  custom:video-decoder-webm-vp8: 9c59270c3fd7afecdb556c50c9e8de78 -> 
  custom:audio-decoder-ogg-vorbis: bf7c407c2cedff20999df2af8eb42d56 -> 
========================================================================
Received Import Request.
  Time since last request: 273368.147873 seconds.
  path: Assets/Tom's Terrain Tools/2DTools
  artifactKey: Guid(dd70d97ed22bd1f4ea087e1eb99ac0ef) Importer(815301076,1909f56bfc062723c751e8b465ee728b)
Start importing Assets/Tom's Terrain Tools/2DTools using Guid(dd70d97ed22bd1f4ea087e1eb99ac0ef) Importer(815301076,1909f56bfc062723c751e8b465ee728b)  -> (artifact id: 'da56ce0dcd5c78461b87de325c9d13c2') in 0.010355 seconds 
========================================================================
Received Import Request.
  Time since last request: 2.225235 seconds.
  path: Assets/Tom's Terrain Tools/Example AutoMagic/Terrain-297665599-grassmap.tiff
  artifactKey: Guid(68c584c6bc9344c9eaa6a2ba27b0427f) Importer(815301076,1909f56bfc062723c751e8b465ee728b)
Start importing Assets/Tom's Terrain Tools/Example AutoMagic/Terrain-297665599-grassmap.tiff using Guid(68c584c6bc9344c9eaa6a2ba27b0427f) Importer(815301076,1909f56bfc062723c751e8b465ee728b)  -> (artifact id: '39ede075138a4a63a250c4bded9cb27e') in 0.107209 seconds 
========================================================================
Received Import Request.
  Time since last request: 0.000024 seconds.
  path: Assets/Tom's Terrain Tools/Example AutoMagic/Terrain8km-2104080048-grassmap.tiff
  artifactKey: Guid(0806c7b0ebc454bea9fdf1aa1359d35d) Importer(815301076,1909f56bfc062723c751e8b465ee728b)
Start importing Assets/Tom's Terrain Tools/Example AutoMagic/Terrain8km-2104080048-grassmap.tiff using Guid(0806c7b0ebc454bea9fdf1aa1359d35d) Importer(815301076,1909f56bfc062723c751e8b465ee728b)  -> (artifact id: 'ff5efac152ddd26baf44b3932814ed38') in 0.018918 seconds 
========================================================================
Received Import Request.
  Time since last request: 0.000031 seconds.
  path: Assets/Tom's Terrain Tools/Example AutoMagic/Terrain-1549969568-splatmap.tiff
  artifactKey: Guid(ee0f6f8ce63c8429c8d09f3be1edf06b) Importer(815301076,1909f56bfc062723c751e8b465ee728b)
Start importing Assets/Tom's Terrain Tools/Example AutoMagic/Terrain-1549969568-splatmap.tiff using Guid(ee0f6f8ce63c8429c8d09f3be1edf06b) Importer(815301076,1909f56bfc062723c751e8b465ee728b)  -> (artifact id: '824a59b94002ba1f9d0f6e7e2504e6cb') in 0.018048 seconds 
========================================================================
Received Import Request.
  Time since last request: 0.000023 seconds.
  path: Assets/Tom's Terrain Tools/Example AutoMagic/Terrain-1549969568-grassmap.tiff
  artifactKey: Guid(cf3a8bb8fb9154c6ab9cec72f9aa375b) Importer(815301076,1909f56bfc062723c751e8b465ee728b)
Start importing Assets/Tom's Terrain Tools/Example AutoMagic/Terrain-1549969568-grassmap.tiff using Guid(cf3a8bb8fb9154c6ab9cec72f9aa375b) Importer(815301076,1909f56bfc062723c751e8b465ee728b)  -> (artifact id: '3d6221fc2d947246bca8ac9aead0a04b') in 0.017827 seconds 
========================================================================
Received Import Request.
  Time since last request: 0.000040 seconds.
  path: Assets/Tom's Terrain Tools/Example AutoMagic/Terrain-2124401101-grassmap.tiff
  artifactKey: Guid(4f906a2c9981e4575a8185cc8bd20969) Importer(815301076,1909f56bfc062723c751e8b465ee728b)
Start importing Assets/Tom's Terrain Tools/Example AutoMagic/Terrain-2124401101-grassmap.tiff using Guid(4f906a2c9981e4575a8185cc8bd20969) Importer(815301076,1909f56bfc062723c751e8b465ee728b)  -> (artifact id: '90beec3c4da17f9c5779601507f16cb4') in 0.026577 seconds 
========================================================================
Received Import Request.
  Time since last request: 1.896542 seconds.
  path: Assets/Tom's Terrain Tools/Example Data/1-bushmap.tif
  artifactKey: Guid(9cf1b056872e14e2e8b74155278345b8) Importer(815301076,1909f56bfc062723c751e8b465ee728b)
Start importing Assets/Tom's Terrain Tools/Example Data/1-bushmap.tif using Guid(9cf1b056872e14e2e8b74155278345b8) Importer(815301076,1909f56bfc062723c751e8b465ee728b)  -> (artifact id: '587bd245fc54e19760bc5ab44e71a93d') in 0.023457 seconds 
========================================================================
Received Import Request.
  Time since last request: 0.000021 seconds.
  path: Assets/Tom's Terrain Tools/Example Data/3-bushmap.tif
  artifactKey: Guid(de1cf6e737bc5459badb686e0e026390) Importer(815301076,1909f56bfc062723c751e8b465ee728b)
Start importing Assets/Tom's Terrain Tools/Example Data/3-bushmap.tif using Guid(de1cf6e737bc5459badb686e0e026390) Importer(815301076,1909f56bfc062723c751e8b465ee728b)  -> (artifact id: '554e4ef95aa458dab39e12f32e84f961') in 0.015956 seconds 
========================================================================
Received Import Request.
  Time since last request: 0.000029 seconds.
  path: Assets/Tom's Terrain Tools/Example Data/7-grassmap.tif
  artifactKey: Guid(0f312a0c98e8e8a488620e042ac61657) Importer(815301076,1909f56bfc062723c751e8b465ee728b)
Start importing Assets/Tom's Terrain Tools/Example Data/7-grassmap.tif using Guid(0f312a0c98e8e8a488620e042ac61657) Importer(815301076,1909f56bfc062723c751e8b465ee728b)  -> (artifact id: '07478a8b8e5a5ec9b88901084b387528') in 0.015469 seconds 
========================================================================
Received Import Request.
  Time since last request: 0.000022 seconds.
  path: Assets/Tom's Terrain Tools/Example Data/7-splatmap.tif
  artifactKey: Guid(1194a7f0f9bdccf48a3e435feb3715ea) Importer(815301076,1909f56bfc062723c751e8b465ee728b)
Start importing Assets/Tom's Terrain Tools/Example Data/7-splatmap.tif using Guid(1194a7f0f9bdccf48a3e435feb3715ea) Importer(815301076,1909f56bfc062723c751e8b465ee728b)  -> (artifact id: 'e02bcda34df0270d253b7ec3a96270e9') in 0.019037 seconds 
========================================================================
Received Import Request.
  Time since last request: 0.000037 seconds.
  path: Assets/Tom's Terrain Tools/Example Data/1-treemap.tif
  artifactKey: Guid(1de7badcba3dc4e12b101d1fc91946e0) Importer(815301076,1909f56bfc062723c751e8b465ee728b)
Start importing Assets/Tom's Terrain Tools/Example Data/1-treemap.tif using Guid(1de7badcba3dc4e12b101d1fc91946e0) Importer(815301076,1909f56bfc062723c751e8b465ee728b)  -> (artifact id: 'ad3c3d5274ab091e8b4c76dc7012e896') in 0.015519 seconds 
========================================================================
Received Import Request.
  Time since last request: 0.000071 seconds.
  path: Assets/Tom's Terrain Tools/Example Data/7-bushmap.tif
  artifactKey: Guid(905c20e3897b4c34ea76000931750abd) Importer(815301076,1909f56bfc062723c751e8b465ee728b)
Start importing Assets/Tom's Terrain Tools/Example Data/7-bushmap.tif using Guid(905c20e3897b4c34ea76000931750abd) Importer(815301076,1909f56bfc062723c751e8b465ee728b)  -> (artifact id: '2b11b6d7431dda6af3ffff80336e1677') in 0.013825 seconds 
========================================================================
Received Import Request.
  Time since last request: 0.000026 seconds.
  path: Assets/Tom's Terrain Tools/Example Data/3-roads.png
  artifactKey: Guid(cd17fcf75cca1454dbd28eb2406833be) Importer(815301076,1909f56bfc062723c751e8b465ee728b)
Start importing Assets/Tom's Terrain Tools/Example Data/3-roads.png using Guid(cd17fcf75cca1454dbd28eb2406833be) Importer(815301076,1909f56bfc062723c751e8b465ee728b)  -> (artifact id: 'dc1ceb094f0f8424830b182d333d82d6') in 0.044214 seconds 
========================================================================
Received Import Request.
  Time since last request: 0.000040 seconds.
  path: Assets/Tom's Terrain Tools/Example Data/TerrainExample3.asset
  artifactKey: Guid(deef0f88182e9e849ac67bef434c5277) Importer(815301076,1909f56bfc062723c751e8b465ee728b)
Start importing Assets/Tom's Terrain Tools/Example Data/TerrainExample3.asset using Guid(deef0f88182e9e849ac67bef434c5277) Importer(815301076,1909f56bfc062723c751e8b465ee728b)  -> (artifact id: '4d2a199faea4a8fac536cd0880dc34e4') in 0.119756 seconds 
========================================================================
Received Import Request.
  Time since last request: 4.365236 seconds.
  path: Assets/Terrain/Terrain_0_0_d24cf698-f376-42b1-bfa7-840df0e8bb57.asset
  artifactKey: Guid(e9e20683481a65e408ee69711c1e0887) Importer(815301076,1909f56bfc062723c751e8b465ee728b)
Start importing Assets/Terrain/Terrain_0_0_d24cf698-f376-42b1-bfa7-840df0e8bb57.asset using Guid(e9e20683481a65e408ee69711c1e0887) Importer(815301076,1909f56bfc062723c751e8b465ee728b)  -> (artifact id: '32ad26c8bd3ff1383725f389c3d4cd80') in 0.016630 seconds 
========================================================================
Received Import Request.
  Time since last request: 109.642475 seconds.
  path: Assets/Samples/Terrain Tools/0.1.0-preview/Terrain Assets/TerrainBrushes/terrainstamp_mountain05.brush
  artifactKey: Guid(c18cd5b317ff2af479fe5b47336cc75c) Importer(815301076,1909f56bfc062723c751e8b465ee728b)
Start importing Assets/Samples/Terrain Tools/0.1.0-preview/Terrain Assets/TerrainBrushes/terrainstamp_mountain05.brush using Guid(c18cd5b317ff2af479fe5b47336cc75c) Importer(815301076,1909f56bfc062723c751e8b465ee728b)  -> (artifact id: 'cb80263f28d1ce87f9e59d36cf95197a') in 0.046389 seconds 
========================================================================
Received Import Request.
  Time since last request: 2.686292 seconds.
  path: Assets/Samples/Terrain Tools/0.1.0-preview/Terrain Assets/TerrainBrushes/terrainstamp_ridge02.brush
  artifactKey: Guid(5203e2a4f3ccc3548bde5beb3ca4bdc2) Importer(815301076,1909f56bfc062723c751e8b465ee728b)
Start importing Assets/Samples/Terrain Tools/0.1.0-preview/Terrain Assets/TerrainBrushes/terrainstamp_ridge02.brush using Guid(5203e2a4f3ccc3548bde5beb3ca4bdc2) Importer(815301076,1909f56bfc062723c751e8b465ee728b)  -> (artifact id: 'd755780d47c168dfb95814591dd1b279') in 0.017600 seconds 
